
> haccp-business-manager@1.0.0 type-check
> tsc --noEmit --skipLibCheck

src/features/conservation/components/__tests__/AddPointModal.test.tsx(1,48): error TS2459: Module '"vitest"' declares 'waitFor' locally, but it is not exported.
src/features/conservation/components/__tests__/AddPointModal.test.tsx(1,48): error TS6133: 'waitFor' is declared but its value is never read.
src/features/conservation/components/__tests__/AddPointModal.test.tsx(155,11): error TS6133: 'categoriesError' is declared but its value is never read.
src/features/conservation/components/__tests__/AddTemperatureModal.test.tsx(224,11): error TS6133: 'criticalBadge' is declared but its value is never read.
src/features/inventory/components/AddProductModal.tsx(50,9): error TS6133: 'departments' is declared but its value is never read.
src/features/inventory/hooks/useExpiredProducts.ts(47,7): error TS2322: Type '{ id: any; company_id: any; name: any; category_id: any; category_name: any; department_id: any; department_name: any; conservation_point_id: any; conservation_point_name: any; barcode: any; supplier_name: any; ... 12 more ...; updated_at: Date; }[]' is not assignable to type 'ExpiredProduct[]'.
  Property 'reinsertion_count' is missing in type '{ id: any; company_id: any; name: any; category_id: any; category_name: any; department_id: any; department_name: any; conservation_point_id: any; conservation_point_name: any; barcode: any; supplier_name: any; ... 12 more ...; updated_at: Date; }' but required in type 'ExpiredProduct'.
src/features/inventory/hooks/useExpiryTracking.ts(241,27): error TS2345: Argument of type 'string | null' is not assignable to parameter of type 'string'.
  Type 'null' is not assignable to type 'string'.
src/features/inventory/hooks/useExpiryTracking.ts(274,27): error TS2345: Argument of type 'string | null' is not assignable to parameter of type 'string'.
  Type 'null' is not assignable to type 'string'.
src/features/inventory/hooks/useProducts.ts(201,17): error TS2769: No overload matches this call.
  Overload 1 of 2, '(values: { allergens?: string[] | null | undefined; barcode?: string | null | undefined; category_id?: string | null | undefined; company_id: string; compliance_status?: string | null | undefined; ... 14 more ...; updated_at?: string | undefined; }, options?: { ...; } | undefined): PostgrestFilterBuilder<...>', gave the following error.
    Argument of type '{ company_id: string | null; allergens: AllergenType[]; purchase_date: string | null; expiry_date: string | null; name: string; category_id?: string; department_id?: string; ... 7 more ...; notes?: string; }' is not assignable to parameter of type '{ allergens?: string[] | null | undefined; barcode?: string | null | undefined; category_id?: string | null | undefined; company_id: string; compliance_status?: string | null | undefined; ... 14 more ...; updated_at?: string | undefined; }'.
      Types of property 'company_id' are incompatible.
        Type 'string | null' is not assignable to type 'string'.
          Type 'null' is not assignable to type 'string'.
  Overload 2 of 2, '(values: { allergens?: string[] | null | undefined; barcode?: string | null | undefined; category_id?: string | null | undefined; company_id: string; compliance_status?: string | null | undefined; ... 14 more ...; updated_at?: string | undefined; }[], options?: { ...; } | undefined): PostgrestFilterBuilder<...>', gave the following error.
    Argument of type '{ company_id: string | null; allergens: AllergenType[]; purchase_date: string | null; expiry_date: string | null; name: string; category_id?: string; department_id?: string; ... 7 more ...; notes?: string; }' is not assignable to parameter of type '{ allergens?: string[] | null | undefined; barcode?: string | null | undefined; category_id?: string | null | undefined; company_id: string; compliance_status?: string | null | undefined; ... 14 more ...; updated_at?: string | undefined; }[]'.
      Type '{ company_id: string | null; allergens: AllergenType[]; purchase_date: string | null; expiry_date: string | null; name: string; category_id?: string | undefined; department_id?: string | undefined; ... 7 more ...; notes?: string | undefined; }' is missing the following properties from type '{ allergens?: string[] | null | undefined; barcode?: string | null | undefined; category_id?: string | null | undefined; company_id: string; compliance_status?: string | null | undefined; ... 14 more ...; updated_at?: string | undefined; }[]': length, pop, push, concat, and 28 more.
src/features/inventory/hooks/useProducts.ts(272,27): error TS2345: Argument of type 'string | null' is not assignable to parameter of type 'string'.
  Type 'null' is not assignable to type 'string'.
src/features/inventory/hooks/useProducts.ts(329,27): error TS2345: Argument of type 'string | null' is not assignable to parameter of type 'string'.
  Type 'null' is not assignable to type 'string'.
src/features/inventory/hooks/useProducts.ts(386,27): error TS2345: Argument of type 'string | null' is not assignable to parameter of type 'string'.
  Type 'null' is not assignable to type 'string'.
src/features/inventory/hooks/useShoppingLists.ts(179,11): error TS2322: Type '{ id: string; product_id: string | null; product_name: string; category_name: string; quantity: number; unit: string | null; notes: string | null; is_completed: boolean; added_at: string; completed_at: string | null; }[]' is not assignable to type 'ShoppingListItem[]'.
  Property 'shopping_list_id' is missing in type '{ id: string; product_id: string | null; product_name: string; category_name: string; quantity: number; unit: string | null; notes: string | null; is_completed: boolean; added_at: string; completed_at: string | null; }' but required in type 'ShoppingListItem'.
src/features/inventory/hooks/useShoppingLists.ts(236,9): error TS2322: Type 'Omit<ShoppingListItem, "id" | "shopping_list_id" | "added_at">[]' is not assignable to type 'ShoppingListItem[]'.
  Type 'Omit<ShoppingListItem, "id" | "shopping_list_id" | "added_at">' is missing the following properties from type 'ShoppingListItem': id, shopping_list_id, added_at
src/features/inventory/hooks/useShoppingLists.ts(341,9): error TS2322: Type '{ product_id: string | null; product_name: string; category_name: string; quantity: number; unit: string | null; notes: string | null; }[]' is not assignable to type 'ShoppingListItem[]'.
  Type '{ product_id: string | null; product_name: string; category_name: string; quantity: number; unit: string | null; notes: string | null; }' is missing the following properties from type 'ShoppingListItem': id, shopping_list_id, is_completed, added_at
src/features/inventory/hooks/useShoppingLists.ts(384,7): error TS2322: Type '{ added_at: string; category_name: string; checked_at: string | null; completed_at: string | null; created_at: string; id: string; is_checked: boolean; is_completed: boolean; notes: string | null; ... 5 more ...; updated_at: string; }' is not assignable to type 'ShoppingListItem'.
  Types of property 'product_id' are incompatible.
    Type 'string | null' is not assignable to type 'string'.
      Type 'null' is not assignable to type 'string'.
src/features/inventory/hooks/useShoppingLists.ts(444,7): error TS2322: Type '{ added_at: string; category_name: string; checked_at: string | null; completed_at: string | null; created_at: string; id: string; is_checked: boolean; is_completed: boolean; notes: string | null; ... 5 more ...; updated_at: string; }' is not assignable to type 'ShoppingListItem'.
  Types of property 'product_id' are incompatible.
    Type 'string | null' is not assignable to type 'string'.
      Type 'null' is not assignable to type 'string'.
src/features/management/hooks/useStaff.ts(93,7): error TS2322: Type '{ category: string; company_id: string; created_at: string; department_assignments: string[] | null; email: string | null; haccp_certification: Json; hire_date: string | null; id: string; ... 5 more ...; updated_at: string; }[]' is not assignable to type 'StaffMember[]'.
  Type '{ category: string; company_id: string; created_at: string; department_assignments: string[] | null; email: string | null; haccp_certification: Json; hire_date: string | null; id: string; ... 5 more ...; updated_at: string; }' is not assignable to type 'StaffMember'.
    Types of property 'role' are incompatible.
      Type 'string' is not assignable to type '"admin" | "responsabile" | "dipendente" | "collaboratore"'.
src/features/management/hooks/useStaff.ts(106,10): error TS2769: No overload matches this call.
  Overload 1 of 2, '(values: { category: string; company_id: string; created_at?: string | undefined; department_assignments?: string[] | null | undefined; email?: string | null | undefined; haccp_certification?: Json | undefined; ... 7 more ...; updated_at?: string | undefined; }, options?: { ...; } | undefined): PostgrestFilterBuilder<...>', gave the following error.
    Type 'HaccpCertification | null' is not assignable to type 'Json | undefined'.
      Type 'HaccpCertification' is not assignable to type 'Json | undefined'.
        Type 'HaccpCertification' is not assignable to type '{ [key: string]: Json | undefined; }'.
          Index signature for type 'string' is missing in type 'HaccpCertification'.
  Overload 2 of 2, '(values: { category: string; company_id: string; created_at?: string | undefined; department_assignments?: string[] | null | undefined; email?: string | null | undefined; haccp_certification?: Json | undefined; ... 7 more ...; updated_at?: string | undefined; }[], options?: { ...; } | undefined): PostgrestFilterBuilder<...>', gave the following error.
    Object literal may only specify known properties, and 'company_id' does not exist in type '{ category: string; company_id: string; created_at?: string | undefined; department_assignments?: string[] | null | undefined; email?: string | null | undefined; haccp_certification?: Json | undefined; ... 7 more ...; updated_at?: string | undefined; }[]'.
src/features/management/hooks/useStaff.ts(123,7): error TS2322: Type '{ category: string; company_id: string; created_at: string; department_assignments: string[] | null; email: string | null; haccp_certification: Json; hire_date: string | null; id: string; ... 5 more ...; updated_at: string; }' is not assignable to type 'StaffMember'.
  Types of property 'role' are incompatible.
    Type 'string' is not assignable to type '"admin" | "responsabile" | "dipendente" | "collaboratore"'.
src/features/management/hooks/useStaff.ts(174,7): error TS2322: Type '{ category: string; company_id: string; created_at: string; department_assignments: string[] | null; email: string | null; haccp_certification: Json; hire_date: string | null; id: string; ... 5 more ...; updated_at: string; }' is not assignable to type 'StaffMember'.
  Types of property 'role' are incompatible.
    Type 'string' is not assignable to type '"admin" | "responsabile" | "dipendente" | "collaboratore"'.
src/features/management/hooks/useStaff.ts(235,7): error TS2322: Type '{ category: string; company_id: string; created_at: string; department_assignments: string[] | null; email: string | null; haccp_certification: Json; hire_date: string | null; id: string; ... 5 more ...; updated_at: string; }' is not assignable to type 'StaffMember'.
  Types of property 'role' are incompatible.
    Type 'string' is not assignable to type '"admin" | "responsabile" | "dipendente" | "collaboratore"'.
src/features/management/hooks/useStaff.ts(272,11): error TS2322: Type 'HaccpCertification | null' is not assignable to type 'Json | undefined'.
  Type 'HaccpCertification' is not assignable to type 'Json | undefined'.
    Type 'HaccpCertification' is not assignable to type '{ [key: string]: Json | undefined; }'.
      Index signature for type 'string' is missing in type 'HaccpCertification'.
src/features/management/hooks/useStaff.ts(280,7): error TS2322: Type '{ category: string; company_id: string; created_at: string; department_assignments: string[] | null; email: string | null; haccp_certification: Json; hire_date: string | null; id: string; ... 5 more ...; updated_at: string; }' is not assignable to type 'StaffMember'.
  Types of property 'role' are incompatible.
    Type 'string' is not assignable to type '"admin" | "responsabile" | "dipendente" | "collaboratore"'.
src/features/settings/components/CompanyConfiguration.tsx(45,14): error TS2352: Conversion of type '{ address: string; created_at: string; email: string; id: string; name: string; staff_count: number; updated_at: string; }' to type 'Company' may be a mistake because neither type sufficiently overlaps with the other. If this was intentional, convert the expression to 'unknown' first.
  Type '{ address: string; created_at: string; email: string; id: string; name: string; staff_count: number; updated_at: string; }' is missing the following properties from type 'Company': phone, vat_number, business_type, established_date, license_number
src/features/settings/components/HACCPSettings.tsx(95,14): error TS2352: Conversion of type '{ company_id: string; configuration_name: string; configuration_type: string; created_at: string | null; created_by: string | null; id: string; is_active: boolean; settings: Json; updated_at: string | null; } | null' to type 'HACCPConfig' may be a mistake because neither type sufficiently overlaps with the other. If this was intentional, convert the expression to 'unknown' first.
  Type '{ company_id: string; configuration_name: string; configuration_type: string; created_at: string | null; created_by: string | null; id: string; is_active: boolean; settings: Json; updated_at: string | null; }' is missing the following properties from type 'HACCPConfig': temperature_thresholds, alert_settings, compliance_settings
src/features/settings/components/HACCPSettings.tsx(123,12): error TS2769: No overload matches this call.
  Overload 1 of 2, '(values: { company_id: string; configuration_name: string; configuration_type: string; created_at?: string | null | undefined; created_by?: string | null | undefined; id?: string | undefined; is_active?: boolean | undefined; settings?: Json | undefined; updated_at?: string | ... 1 more ... | undefined; }, options?: { ...; } | undefined): PostgrestFilterBuilder<...>', gave the following error.
    Argument of type '{ company_id: string; updated_at: string; id?: string | undefined; temperature_thresholds?: { fridge_min: number; fridge_max: number; freezer_min: number; freezer_max: number; ambient_min: number; ambient_max: number; blast_min: number; blast_max: number; } | undefined; alert_settings?: { ...; } | undefined; complia...' is not assignable to parameter of type '{ company_id: string; configuration_name: string; configuration_type: string; created_at?: string | null | undefined; created_by?: string | null | undefined; id?: string | undefined; is_active?: boolean | undefined; settings?: Json | undefined; updated_at?: string | ... 1 more ... | undefined; }'.
      Type '{ company_id: string; updated_at: string; id?: string | undefined; temperature_thresholds?: { fridge_min: number; fridge_max: number; freezer_min: number; freezer_max: number; ambient_min: number; ambient_max: number; blast_min: number; blast_max: number; } | undefined; alert_settings?: { ...; } | undefined; complia...' is missing the following properties from type '{ company_id: string; configuration_name: string; configuration_type: string; created_at?: string | null | undefined; created_by?: string | null | undefined; id?: string | undefined; is_active?: boolean | undefined; settings?: Json | undefined; updated_at?: string | ... 1 more ... | undefined; }': company_id, configuration_name, configuration_type
  Overload 2 of 2, '(values: { company_id: string; configuration_name: string; configuration_type: string; created_at?: string | null | undefined; created_by?: string | null | undefined; id?: string | undefined; is_active?: boolean | undefined; settings?: Json | undefined; updated_at?: string | ... 1 more ... | undefined; }[], options?: { ...; } | undefined): PostgrestFilterBuilder<...>', gave the following error.
    Type '{ company_id: string; updated_at: string; id?: string | undefined; temperature_thresholds?: { fridge_min: number; fridge_max: number; freezer_min: number; freezer_max: number; ambient_min: number; ambient_max: number; blast_min: number; blast_max: number; } | undefined; alert_settings?: { ...; } | undefined; complia...' is missing the following properties from type '{ company_id: string; configuration_name: string; configuration_type: string; created_at?: string | null | undefined; created_by?: string | null | undefined; id?: string | undefined; is_active?: boolean | undefined; settings?: Json | undefined; updated_at?: string | ... 1 more ... | undefined; }': configuration_name, configuration_type
src/features/settings/components/NotificationPreferences.tsx(102,15): error TS2769: No overload matches this call.
  Overload 1 of 2, '(relation: "audit_logs" | "notes" | "companies" | "staff" | "departments" | "booking_requests" | "email_schedules" | "products" | "maintenance_tasks" | "conservation_points" | "product_categories" | ... 24 more ... | "user_profiles"): PostgrestQueryBuilder<...>', gave the following error.
    Argument of type '"notification_preferences"' is not assignable to parameter of type '"audit_logs" | "notes" | "companies" | "staff" | "departments" | "booking_requests" | "email_schedules" | "products" | "maintenance_tasks" | "conservation_points" | "product_categories" | ... 24 more ... | "user_profiles"'.
  Overload 2 of 2, '(relation: never): PostgrestQueryBuilder<{ PostgrestVersion: "13.0.5"; }, { Tables: { admin_users: { Row: { created_at: string | null; email: string; id: string; name: string | null; password_hash: string; role: string | null; updated_at: string | null; }; Insert: { ...; }; Update: { ...; }; Relationships: []; }; ... 34 more ...; user_sessions: { ...; }; }; Views: {}; Functions: { ...; }; Enums: {}; CompositeTypes: {}; }, never, never, never>', gave the following error.
    Argument of type 'string' is not assignable to parameter of type 'never'.
src/features/settings/components/NotificationPreferences.tsx(109,14): error TS2352: Conversion of type '{ company_id: string | null; created_at: string; email: string; expires_at: string; id: string; invited_by: string | null; role: string; staff_id: string | null; token: string; used_at: string | null; } | ... 35 more ... | null' to type 'NotificationConfig' may be a mistake because neither type sufficiently overlaps with the other. If this was intentional, convert the expression to 'unknown' first.
  Type '{ company_id: string | null; created_at: string | null; id: string; preference_key: string; preference_value: Json; updated_at: string | null; user_id: string; }' is missing the following properties from type 'NotificationConfig': email_notifications, push_notifications, notification_frequency, alert_preferences
src/features/settings/components/NotificationPreferences.tsx(130,17): error TS2769: No overload matches this call.
  Overload 1 of 2, '(relation: "audit_logs" | "notes" | "companies" | "staff" | "departments" | "booking_requests" | "email_schedules" | "products" | "maintenance_tasks" | "conservation_points" | "product_categories" | ... 24 more ... | "user_profiles"): PostgrestQueryBuilder<...>', gave the following error.
    Argument of type '"notification_preferences"' is not assignable to parameter of type '"audit_logs" | "notes" | "companies" | "staff" | "departments" | "booking_requests" | "email_schedules" | "products" | "maintenance_tasks" | "conservation_points" | "product_categories" | ... 24 more ... | "user_profiles"'.
  Overload 2 of 2, '(relation: never): PostgrestQueryBuilder<{ PostgrestVersion: "13.0.5"; }, { Tables: { admin_users: { Row: { created_at: string | null; email: string; id: string; name: string | null; password_hash: string; role: string | null; updated_at: string | null; }; Insert: { ...; }; Update: { ...; }; Relationships: []; }; ... 34 more ...; user_sessions: { ...; }; }; Views: {}; Functions: { ...; }; Enums: {}; CompositeTypes: {}; }, never, never, never>', gave the following error.
    Argument of type 'string' is not assignable to parameter of type 'never'.
src/features/settings/components/NotificationPreferences.tsx(138,17): error TS2769: No overload matches this call.
  Overload 1 of 2, '(relation: "audit_logs" | "notes" | "companies" | "staff" | "departments" | "booking_requests" | "email_schedules" | "products" | "maintenance_tasks" | "conservation_points" | "product_categories" | ... 24 more ... | "user_profiles"): PostgrestQueryBuilder<...>', gave the following error.
    Argument of type '"notification_preferences"' is not assignable to parameter of type '"audit_logs" | "notes" | "companies" | "staff" | "departments" | "booking_requests" | "email_schedules" | "products" | "maintenance_tasks" | "conservation_points" | "product_categories" | ... 24 more ... | "user_profiles"'.
  Overload 2 of 2, '(relation: never): PostgrestQueryBuilder<{ PostgrestVersion: "13.0.5"; }, { Tables: { admin_users: { Row: { created_at: string | null; email: string; id: string; name: string | null; password_hash: string; role: string | null; updated_at: string | null; }; Insert: { ...; }; Update: { ...; }; Relationships: []; }; ... 34 more ...; user_sessions: { ...; }; }; Views: {}; Functions: { ...; }; Enums: {}; CompositeTypes: {}; }, never, never, never>', gave the following error.
    Argument of type 'string' is not assignable to parameter of type 'never'.
src/features/shared/hooks/useEvents.ts(159,27): error TS2345: Argument of type 'string | null' is not assignable to parameter of type 'string'.
  Type 'null' is not assignable to type 'string'.
src/features/shared/hooks/useEvents.ts(187,27): error TS2345: Argument of type 'string | null' is not assignable to parameter of type 'string'.
  Type 'null' is not assignable to type 'string'.
src/features/shared/hooks/useEvents.ts(213,29): error TS2345: Argument of type 'string | null' is not assignable to parameter of type 'string'.
  Type 'null' is not assignable to type 'string'.
src/features/shared/hooks/useNonConformities.ts(162,27): error TS2345: Argument of type 'string | null' is not assignable to parameter of type 'string'.
  Type 'null' is not assignable to type 'string'.
src/features/shared/hooks/useNonConformities.ts(190,27): error TS2345: Argument of type 'string | null' is not assignable to parameter of type 'string'.
  Type 'null' is not assignable to type 'string'.
src/features/shared/hooks/useNonConformities.ts(216,29): error TS2345: Argument of type 'string | null' is not assignable to parameter of type 'string'.
  Type 'null' is not assignable to type 'string'.
src/features/shared/hooks/useNotes.ts(142,27): error TS2345: Argument of type 'string | null' is not assignable to parameter of type 'string'.
  Type 'null' is not assignable to type 'string'.
src/features/shared/hooks/useNotes.ts(170,27): error TS2345: Argument of type 'string | null' is not assignable to parameter of type 'string'.
  Type 'null' is not assignable to type 'string'.
src/features/shared/hooks/useNotes.ts(196,29): error TS2345: Argument of type 'string | null' is not assignable to parameter of type 'string'.
  Type 'null' is not assignable to type 'string'.
src/hooks/useAuth.ts(345,44): error TS2339: Property 'preferred_company_id' does not exist on type 'SelectQueryError<"column 'preferred_company_id' does not exist on 'user_preferences'.">'.
src/hooks/useAuth.ts(417,10): error TS2769: No overload matches this call.
  Overload 1 of 2, '(values: { company_id?: string | null | undefined; created_at?: string | null | undefined; id?: string | undefined; preference_key: string; preference_value: Json; updated_at?: string | null | undefined; user_id: string; }, options?: { ...; } | undefined): PostgrestFilterBuilder<...>', gave the following error.
    Object literal may only specify known properties, and 'preferred_company_id' does not exist in type '{ company_id?: string | null | undefined; created_at?: string | null | undefined; id?: string | undefined; preference_key: string; preference_value: Json; updated_at?: string | null | undefined; user_id: string; }'.
  Overload 2 of 2, '(values: { company_id?: string | null | undefined; created_at?: string | null | undefined; id?: string | undefined; preference_key: string; preference_value: Json; updated_at?: string | null | undefined; user_id: string; }[], options?: { ...; } | undefined): PostgrestFilterBuilder<...>', gave the following error.
    Object literal may only specify known properties, and 'user_id' does not exist in type '{ company_id?: string | null | undefined; created_at?: string | null | undefined; id?: string | undefined; preference_key: string; preference_value: Json; updated_at?: string | null | undefined; user_id: string; }[]'.
src/hooks/useConservation.ts(332,10): error TS2769: No overload matches this call.
  Overload 1 of 2, '(values: { company_id: string; created_at?: string | undefined; department_id?: string | null | undefined; id?: string | undefined; is_blast_chiller?: boolean | undefined; maintenance_due?: string | ... 1 more ... | undefined; ... 5 more ...; updated_at?: string | undefined; }, options?: { ...; } | undefined): PostgrestFilterBuilder<...>', gave the following error.
    Argument of type '{ product_categories: string[]; name: string; department_id: string; setpoint_temp: number; type: ConservationPointType; is_blast_chiller?: boolean; }' is not assignable to parameter of type '{ company_id: string; created_at?: string | undefined; department_id?: string | null | undefined; id?: string | undefined; is_blast_chiller?: boolean | undefined; maintenance_due?: string | ... 1 more ... | undefined; ... 5 more ...; updated_at?: string | undefined; }'.
      Property 'company_id' is missing in type '{ product_categories: string[]; name: string; department_id: string; setpoint_temp: number; type: ConservationPointType; is_blast_chiller?: boolean; }' but required in type '{ company_id: string; created_at?: string | undefined; department_id?: string | null | undefined; id?: string | undefined; is_blast_chiller?: boolean | undefined; maintenance_due?: string | ... 1 more ... | undefined; ... 5 more ...; updated_at?: string | undefined; }'.
  Overload 2 of 2, '(values: { company_id: string; created_at?: string | undefined; department_id?: string | null | undefined; id?: string | undefined; is_blast_chiller?: boolean | undefined; maintenance_due?: string | ... 1 more ... | undefined; ... 5 more ...; updated_at?: string | undefined; }[], options?: { ...; } | undefined): PostgrestFilterBuilder<...>', gave the following error.
    Object literal may only specify known properties, and 'product_categories' does not exist in type '{ company_id: string; created_at?: string | undefined; department_id?: string | null | undefined; id?: string | undefined; is_blast_chiller?: boolean | undefined; maintenance_due?: string | ... 1 more ... | undefined; ... 5 more ...; updated_at?: string | undefined; }[]'.
src/hooks/useConservation.ts(340,7): error TS2322: Type '{ created_at: Date; updated_at: Date; maintenance_due: Date | undefined; company_id: string; department_id: string | null; id: string; is_blast_chiller: boolean; ... 4 more ...; type: string; }' is not assignable to type 'ConservationPoint'.
  Types of property 'department_id' are incompatible.
    Type 'string | null' is not assignable to type 'string'.
      Type 'null' is not assignable to type 'string'.
src/hooks/useConservation.ts(370,7): error TS2322: Type '{ created_at: Date; updated_at: Date; maintenance_due: Date | undefined; company_id: string; department_id: string | null; id: string; is_blast_chiller: boolean; ... 4 more ...; type: string; }' is not assignable to type 'ConservationPoint'.
  Types of property 'department_id' are incompatible.
    Type 'string | null' is not assignable to type 'string'.
      Type 'null' is not assignable to type 'string'.
src/hooks/useConservation.ts(435,62): error TS2339: Property 'type' does not exist on type '{}'.
src/hooks/useConservation.ts(443,31): error TS2339: Property 'setpoint_temp' does not exist on type '{}'.
src/hooks/useConservation.ts(444,31): error TS2339: Property 'setpoint_temp' does not exist on type '{}'.
src/hooks/useConservation.ts(457,21): error TS2769: No overload matches this call.
  Overload 1 of 2, '(values: { company_id: string; conservation_point_id: string; created_at?: string | undefined; id?: string | undefined; method?: string | null | undefined; notes?: string | null | undefined; photo_evidence?: string | ... 1 more ... | undefined; recorded_at: string; recorded_by?: string | ... 1 more ... | undefined; temperature: number; }, options?: { ...; } | undefined): PostgrestFilterBuilder<...>', gave the following error.
    Argument of type '{ id: string; company_id: string; status: "compliant" | "warning" | "critical"; recorded_by: string; validation_status: "pending"; recorded_at: Date; created_at: Date; conservation_point_id: string; temperature: number; }' is not assignable to parameter of type '{ company_id: string; conservation_point_id: string; created_at?: string | undefined; id?: string | undefined; method?: string | null | undefined; notes?: string | null | undefined; photo_evidence?: string | ... 1 more ... | undefined; recorded_at: string; recorded_by?: string | ... 1 more ... | undefined; temperatu...'.
      Types of property 'created_at' are incompatible.
        Type 'Date' is not assignable to type 'string'.
  Overload 2 of 2, '(values: { company_id: string; conservation_point_id: string; created_at?: string | undefined; id?: string | undefined; method?: string | null | undefined; notes?: string | null | undefined; photo_evidence?: string | ... 1 more ... | undefined; recorded_at: string; recorded_by?: string | ... 1 more ... | undefined; temperature: number; }[], options?: { ...; } | undefined): PostgrestFilterBuilder<...>', gave the following error.
    Argument of type '{ id: string; company_id: string; status: "compliant" | "warning" | "critical"; recorded_by: string; validation_status: "pending"; recorded_at: Date; created_at: Date; conservation_point_id: string; temperature: number; }' is not assignable to parameter of type '{ company_id: string; conservation_point_id: string; created_at?: string | undefined; id?: string | undefined; method?: string | null | undefined; notes?: string | null | undefined; photo_evidence?: string | ... 1 more ... | undefined; recorded_at: string; recorded_by?: string | ... 1 more ... | undefined; temperatu...'.
      Type '{ id: string; company_id: string; status: "compliant" | "warning" | "critical"; recorded_by: string; validation_status: "pending"; recorded_at: Date; created_at: Date; conservation_point_id: string; temperature: number; }' is missing the following properties from type '{ company_id: string; conservation_point_id: string; created_at?: string | undefined; id?: string | undefined; method?: string | null | undefined; notes?: string | null | undefined; photo_evidence?: string | ... 1 more ... | undefined; recorded_at: string; recorded_by?: string | ... 1 more ... | undefined; temperatu...': length, pop, push, concat, and 28 more.
src/hooks/useConservation.ts(504,10): error TS2769: No overload matches this call.
  Overload 1 of 2, '(values: { assigned_to: string; assigned_to_category?: string | null | undefined; assigned_to_role?: string | null | undefined; assigned_to_staff_id?: string | null | undefined; assignment_type: string; ... 20 more ...; updated_at?: string | undefined; }, options?: { ...; } | undefined): PostgrestFilterBuilder<...>', gave the following error.
    Type 'string | undefined' is not assignable to type 'string'.
      Type 'undefined' is not assignable to type 'string'.
  Overload 2 of 2, '(values: { assigned_to: string; assigned_to_category?: string | null | undefined; assigned_to_role?: string | null | undefined; assigned_to_staff_id?: string | null | undefined; assignment_type: string; ... 20 more ...; updated_at?: string | undefined; }[], options?: { ...; } | undefined): PostgrestFilterBuilder<...>', gave the following error.
    Object literal may only specify known properties, and 'conservation_point_id' does not exist in type '{ assigned_to: string; assigned_to_category?: string | null | undefined; assigned_to_role?: string | null | undefined; assigned_to_staff_id?: string | null | undefined; assignment_type: string; ... 20 more ...; updated_at?: string | undefined; }[]'.
src/hooks/useConservation.ts(522,7): error TS2322: Type '{ next_due: Date; created_at: Date; updated_at: Date; assigned_to: string; assigned_to_category: string | null; assigned_to_role: string | null; assigned_to_staff_id: string | null; ... 18 more ...; type: string; }' is not assignable to type 'MaintenanceTask'.
  Types of property 'title' are incompatible.
    Type 'string | null' is not assignable to type 'string'.
      Type 'null' is not assignable to type 'string'.
src/hooks/useConservation.ts(524,28): error TS2769: No overload matches this call.
  Overload 1 of 4, '(value: string | number | Date): Date', gave the following error.
    Argument of type 'string | null' is not assignable to parameter of type 'string | number | Date'.
      Type 'null' is not assignable to type 'string | number | Date'.
  Overload 2 of 4, '(value: string | number): Date', gave the following error.
    Argument of type 'string | null' is not assignable to parameter of type 'string | number'.
      Type 'null' is not assignable to type 'string | number'.
src/hooks/useConservation.ts(545,10): error TS2769: No overload matches this call.
  Overload 1 of 2, '(values: { checklist_results?: Json | undefined; company_id: string; completed_at?: string | undefined; completed_by?: string | null | undefined; completed_by_name?: string | null | undefined; ... 7 more ...; updated_at?: string | ... 1 more ... | undefined; }, options?: { ...; } | undefined): PostgrestFilterBuilder<...>', gave the following error.
    Object literal may only specify known properties, and 'notes' does not exist in type '{ checklist_results?: Json | undefined; company_id: string; completed_at?: string | undefined; completed_by?: string | null | undefined; completed_by_name?: string | null | undefined; ... 7 more ...; updated_at?: string | ... 1 more ... | undefined; }'.
  Overload 2 of 2, '(values: { checklist_results?: Json | undefined; company_id: string; completed_at?: string | undefined; completed_by?: string | null | undefined; completed_by_name?: string | null | undefined; ... 7 more ...; updated_at?: string | ... 1 more ... | undefined; }[], options?: { ...; } | undefined): PostgrestFilterBuilder<...>', gave the following error.
    Object literal may only specify known properties, and 'maintenance_task_id' does not exist in type '{ checklist_results?: Json | undefined; company_id: string; completed_at?: string | undefined; completed_by?: string | null | undefined; completed_by_name?: string | null | undefined; ... 7 more ...; updated_at?: string | ... 1 more ... | undefined; }[]'.
src/hooks/useConservation.ts(558,7): error TS2322: Type '{ completed_at: Date; next_due: Date | undefined; checklist_results: Json | null; company_id: string; completed_by: string | null; completed_by_name: string | null; ... 7 more ...; updated_at: string | null; }' is not assignable to type 'MaintenanceCompletion'.
  Types of property 'completed_by' are incompatible.
    Type 'string | null' is not assignable to type 'string'.
      Type 'null' is not assignable to type 'string'.
src/hooks/useConservation.ts(561,26): error TS2339: Property 'next_due' does not exist on type '{ checklist_results: Json; company_id: string; completed_at: string; completed_by: string | null; completed_by_name: string | null; completion_notes: string | null; created_at: string | null; ... 5 more ...; updated_at: string | null; }'.
src/hooks/useConservation.ts(561,53): error TS2339: Property 'next_due' does not exist on type '{ checklist_results: Json; company_id: string; completed_at: string; completed_by: string | null; completed_by_name: string | null; completion_notes: string | null; created_at: string | null; ... 5 more ...; updated_at: string | null; }'.
src/services/activityTrackingService.ts(27,50): error TS2345: Argument of type '"log_user_activity"' is not assignable to parameter of type '"cleanup_expired_csrf_tokens"'.
src/services/activityTrackingService.ts(104,44): error TS2345: Argument of type '"end_user_session"' is not assignable to parameter of type '"cleanup_expired_csrf_tokens"'.
src/services/activityTrackingService.ts(138,50): error TS2345: Argument of type '"get_active_sessions"' is not assignable to parameter of type '"cleanup_expired_csrf_tokens"'.
src/services/activityTrackingService.ts(163,50): error TS2345: Argument of type '"get_user_activities"' is not assignable to parameter of type '"cleanup_expired_csrf_tokens"'.
src/services/activityTrackingService.ts(193,50): error TS2345: Argument of type '"get_company_activities"' is not assignable to parameter of type '"cleanup_expired_csrf_tokens"'.
src/services/activityTrackingService.ts(225,50): error TS2345: Argument of type '"get_activity_statistics"' is not assignable to parameter of type '"cleanup_expired_csrf_tokens"'.
src/services/activityTrackingService.ts(249,50): error TS2345: Argument of type '"cleanup_inactive_sessions"' is not assignable to parameter of type '"cleanup_expired_csrf_tokens"'.
src/services/auth/__tests__/RememberMeService.test.ts(49,46): error TS2339: Property 'mockResolvedValue' does not exist on type '<T = any>(functionName: string, options?: FunctionInvokeOptions | undefined) => Promise<FunctionsResponse<T>>'.
src/services/auth/__tests__/RememberMeService.test.ts(69,46): error TS2339: Property 'mockResolvedValue' does not exist on type '<T = any>(functionName: string, options?: FunctionInvokeOptions | undefined) => Promise<FunctionsResponse<T>>'.
src/services/auth/__tests__/RememberMeService.test.ts(82,46): error TS2339: Property 'mockResolvedValue' does not exist on type '<T = any>(functionName: string, options?: FunctionInvokeOptions | undefined) => Promise<FunctionsResponse<T>>'.
src/services/auth/__tests__/RememberMeService.test.ts(99,46): error TS2339: Property 'mockResolvedValue' does not exist on type '<T = any>(functionName: string, options?: FunctionInvokeOptions | undefined) => Promise<FunctionsResponse<T>>'.
src/services/auth/inviteService.ts(87,7): error TS2345: Argument of type '"is_admin"' is not assignable to parameter of type '"cleanup_expired_csrf_tokens"'.
src/services/auth/inviteService.ts(123,5): error TS2322: Type '{ company_id: string | null; created_at: string; email: string; expires_at: string; id: string; invited_by: string | null; role: string; staff_id: string | null; token: string; used_at: string | null; }' is not assignable to type 'InviteToken'.
  Types of property 'company_id' are incompatible.
    Type 'string | null' is not assignable to type 'string'.
      Type 'null' is not assignable to type 'string'.
src/services/auth/inviteService.ts(205,9): error TS2322: Type '{ company_id: string | null; created_at: string; email: string; expires_at: string; id: string; invited_by: string | null; role: string; staff_id: string | null; token: string; used_at: string | null; }' is not assignable to type 'InviteToken'.
  Types of property 'company_id' are incompatible.
    Type 'string | null' is not assignable to type 'string'.
      Type 'null' is not assignable to type 'string'.
src/services/auth/inviteService.ts(217,9): error TS2322: Type '{ company_id: string | null; created_at: string; email: string; expires_at: string; id: string; invited_by: string | null; role: string; staff_id: string | null; token: string; used_at: string | null; }' is not assignable to type 'InviteToken'.
  Types of property 'company_id' are incompatible.
    Type 'string | null' is not assignable to type 'string'.
      Type 'null' is not assignable to type 'string'.
src/services/auth/inviteService.ts(225,7): error TS2322: Type '{ company_id: string | null; created_at: string; email: string; expires_at: string; id: string; invited_by: string | null; role: string; staff_id: string | null; token: string; used_at: string | null; }' is not assignable to type 'InviteToken'.
  Types of property 'company_id' are incompatible.
    Type 'string | null' is not assignable to type 'string'.
      Type 'null' is not assignable to type 'string'.
src/services/auth/inviteService.ts(395,3): error TS2322: Type '{ company_id: string | null; created_at: string; email: string; expires_at: string; id: string; invited_by: string | null; role: string; staff_id: string | null; token: string; used_at: string | null; }[]' is not assignable to type 'InviteToken[]'.
  Type '{ company_id: string | null; created_at: string; email: string; expires_at: string; id: string; invited_by: string | null; role: string; staff_id: string | null; token: string; used_at: string | null; }' is not assignable to type 'InviteToken'.
    Types of property 'company_id' are incompatible.
      Type 'string | null' is not assignable to type 'string'.
        Type 'null' is not assignable to type 'string'.
src/services/auth/inviteService.ts(422,3): error TS2322: Type '{ company_id: string | null; created_at: string; email: string; expires_at: string; id: string; invited_by: string | null; role: string; staff_id: string | null; token: string; used_at: string | null; }[]' is not assignable to type 'InviteToken[]'.
  Type '{ company_id: string | null; created_at: string; email: string; expires_at: string; id: string; invited_by: string | null; role: string; staff_id: string | null; token: string; used_at: string | null; }' is not assignable to type 'InviteToken'.
    Types of property 'company_id' are incompatible.
      Type 'string | null' is not assignable to type 'string'.
        Type 'null' is not assignable to type 'string'.
src/services/auth/inviteService.ts(474,5): error TS2322: Type 'string | null' is not assignable to type 'string'.
  Type 'null' is not assignable to type 'string'.
src/services/auth/inviteService.ts(475,5): error TS2322: Type 'string' is not assignable to type 'StaffRole'.
src/services/auth/inviteService.ts(476,5): error TS2322: Type 'string | null' is not assignable to type 'string | undefined'.
  Type 'null' is not assignable to type 'string | undefined'.
src/services/export/EmailScheduler.ts(124,9): error TS2769: No overload matches this call.
  Overload 1 of 2, '(values: { company_id: string; created_at?: string | null | undefined; created_by?: string | null | undefined; email_template: string; id?: string | undefined; is_active?: boolean | undefined; ... 5 more ...; updated_at?: string | ... 1 more ... | undefined; }, options?: { ...; } | undefined): PostgrestFilterBuilder<...>', gave the following error.
    Object literal may only specify known properties, and 'next_send' does not exist in type '{ company_id: string; created_at?: string | null | undefined; created_by?: string | null | undefined; email_template: string; id?: string | undefined; is_active?: boolean | undefined; ... 5 more ...; updated_at?: string | ... 1 more ... | undefined; }'.
  Overload 2 of 2, '(values: { company_id: string; created_at?: string | null | undefined; created_by?: string | null | undefined; email_template: string; id?: string | undefined; is_active?: boolean | undefined; ... 5 more ...; updated_at?: string | ... 1 more ... | undefined; }[], options?: { ...; } | undefined): PostgrestFilterBuilder<...>', gave the following error.
    Object literal may only specify known properties, and 'next_send' does not exist in type '{ company_id: string; created_at?: string | null | undefined; created_by?: string | null | undefined; email_template: string; id?: string | undefined; is_active?: boolean | undefined; ... 5 more ...; updated_at?: string | ... 1 more ... | undefined; }[]'.
src/services/export/EmailScheduler.ts(157,56): error TS2339: Property 'frequency' does not exist on type 'SelectQueryError<"column 'frequency' does not exist on 'email_schedules'.">'.
src/services/export/EmailScheduler.ts(158,46): error TS2339: Property 'time' does not exist on type 'SelectQueryError<"column 'frequency' does not exist on 'email_schedules'.">'.
src/services/export/EmailScheduler.ts(159,56): error TS2339: Property 'day_of_week' does not exist on type 'SelectQueryError<"column 'frequency' does not exist on 'email_schedules'.">'.
src/services/export/EmailScheduler.ts(160,58): error TS2339: Property 'day_of_month' does not exist on type 'SelectQueryError<"column 'frequency' does not exist on 'email_schedules'.">'.
src/services/export/EmailScheduler.ts(448,16): error TS2339: Property 'frequency' does not exist on type 'SelectQueryError<"column 'frequency' does not exist on 'email_schedules'.">'.
src/services/export/EmailScheduler.ts(449,16): error TS2339: Property 'time' does not exist on type 'SelectQueryError<"column 'frequency' does not exist on 'email_schedules'.">'.
src/services/export/EmailScheduler.ts(450,16): error TS2339: Property 'day_of_week' does not exist on type 'SelectQueryError<"column 'frequency' does not exist on 'email_schedules'.">'.
src/services/export/EmailScheduler.ts(451,16): error TS2339: Property 'day_of_month' does not exist on type 'SelectQueryError<"column 'frequency' does not exist on 'email_schedules'.">'.
src/services/export/EmailScheduler.ts(465,7): error TS2769: No overload matches this call.
  Overload 1 of 2, '(values: { company_id: string; created_at?: string | null | undefined; email_schedule_id: string; error_message?: string | null | undefined; id?: string | undefined; recipients_count?: number | undefined; sent_at?: string | ... 1 more ... | undefined; status: string; }, options?: { ...; } | undefined): PostgrestFilterBuilder<...>', gave the following error.
    Object literal may only specify known properties, and 'schedule_id' does not exist in type '{ company_id: string; created_at?: string | null | undefined; email_schedule_id: string; error_message?: string | null | undefined; id?: string | undefined; recipients_count?: number | undefined; sent_at?: string | ... 1 more ... | undefined; status: string; }'.
  Overload 2 of 2, '(values: { company_id: string; created_at?: string | null | undefined; email_schedule_id: string; error_message?: string | null | undefined; id?: string | undefined; recipients_count?: number | undefined; sent_at?: string | ... 1 more ... | undefined; status: string; }[], options?: { ...; } | undefined): PostgrestFilterBuilder<...>', gave the following error.
    Object literal may only specify known properties, and 'schedule_id' does not exist in type '{ company_id: string; created_at?: string | null | undefined; email_schedule_id: string; error_message?: string | null | undefined; id?: string | undefined; recipients_count?: number | undefined; sent_at?: string | ... 1 more ... | undefined; status: string; }[]'.
src/services/export/ExcelExporter.ts(312,49): error TS2345: Argument of type '{ temperature: number; conservation_points: SelectQueryError<"column 'temperature_min' does not exist on 'conservation_points'.">; }[]' is not assignable to parameter of type '{ temperature?: number | undefined; conservation_points?: { temperature_min?: number | undefined; temperature_max?: number | undefined; } | undefined; }[]'.
  Type '{ temperature: number; conservation_points: SelectQueryError<"column 'temperature_min' does not exist on 'conservation_points'.">; }' is not assignable to type '{ temperature?: number | undefined; conservation_points?: { temperature_min?: number | undefined; temperature_max?: number | undefined; } | undefined; }'.
    Types of property 'conservation_points' are incompatible.
      Type 'SelectQueryError<"column 'temperature_min' does not exist on 'conservation_points'.">' is not assignable to type '{ temperature_min?: number | undefined; temperature_max?: number | undefined; } | undefined'.
src/services/export/HACCPReportGenerator.ts(202,24): error TS2339: Property 'name' does not exist on type 'SelectQueryError<"column 'license_number' does not exist on 'companies'.">'.
src/services/export/HACCPReportGenerator.ts(203,27): error TS2339: Property 'address' does not exist on type 'SelectQueryError<"column 'license_number' does not exist on 'companies'.">'.
src/services/export/HACCPReportGenerator.ts(204,33): error TS2339: Property 'license_number' does not exist on type 'SelectQueryError<"column 'license_number' does not exist on 'companies'.">'.
src/services/export/HACCPReportGenerator.ts(205,37): error TS2339: Property 'responsible_person' does not exist on type 'SelectQueryError<"column 'license_number' does not exist on 'companies'.">'.
src/services/export/HACCPReportGenerator.ts(215,13): error TS2345: Argument of type 'SelectQueryError<"column 'temperature_min' does not exist on 'conservation_points'.">[] | null' is not assignable to parameter of type 'any[]'.
  Type 'null' is not assignable to type 'any[]'.
src/services/offline/BackgroundSync.ts(38,76): error TS2769: No overload matches this call.
  Overload 1 of 2, '(values: { company_id: string; conservation_point_id: string; created_at?: string | undefined; id?: string | undefined; method?: string | null | undefined; notes?: string | null | undefined; photo_evidence?: string | ... 1 more ... | undefined; recorded_at: string; recorded_by?: string | ... 1 more ... | undefined; temperature: number; }, options?: { ...; } | undefined): PostgrestFilterBuilder<...>', gave the following error.
    Argument of type 'SyncPayload' is not assignable to parameter of type '{ company_id: string; conservation_point_id: string; created_at?: string | undefined; id?: string | undefined; method?: string | null | undefined; notes?: string | null | undefined; photo_evidence?: string | ... 1 more ... | undefined; recorded_at: string; recorded_by?: string | ... 1 more ... | undefined; temperatu...'.
      Type 'SyncPayload' is missing the following properties from type '{ company_id: string; conservation_point_id: string; created_at?: string | undefined; id?: string | undefined; method?: string | null | undefined; notes?: string | null | undefined; photo_evidence?: string | ... 1 more ... | undefined; recorded_at: string; recorded_by?: string | ... 1 more ... | undefined; temperatu...': company_id, conservation_point_id, recorded_at, temperature
  Overload 2 of 2, '(values: { company_id: string; conservation_point_id: string; created_at?: string | undefined; id?: string | undefined; method?: string | null | undefined; notes?: string | null | undefined; photo_evidence?: string | ... 1 more ... | undefined; recorded_at: string; recorded_by?: string | ... 1 more ... | undefined; temperature: number; }[], options?: { ...; } | undefined): PostgrestFilterBuilder<...>', gave the following error.
    Argument of type 'SyncPayload' is not assignable to parameter of type '{ company_id: string; conservation_point_id: string; created_at?: string | undefined; id?: string | undefined; method?: string | null | undefined; notes?: string | null | undefined; photo_evidence?: string | ... 1 more ... | undefined; recorded_at: string; recorded_by?: string | ... 1 more ... | undefined; temperatu...'.
      Type 'SyncPayload' is missing the following properties from type '{ company_id: string; conservation_point_id: string; created_at?: string | undefined; id?: string | undefined; method?: string | null | undefined; notes?: string | null | undefined; photo_evidence?: string | ... 1 more ... | undefined; recorded_at: string; recorded_by?: string | ... 1 more ... | undefined; temperatu...': length, pop, push, concat, and 28 more.
src/services/offline/BackgroundSync.ts(58,61): error TS2769: No overload matches this call.
  Overload 1 of 2, '(values: { assigned_to: string; assigned_to_category?: string | null | undefined; assigned_to_role?: string | null | undefined; assigned_to_staff_id?: string | null | undefined; assignment_type: string; ... 19 more ...; validation_notes?: string | ... 1 more ... | undefined; }, options?: { ...; } | undefined): PostgrestFilterBuilder<...>', gave the following error.
    Argument of type 'SyncPayload' is not assignable to parameter of type '{ assigned_to: string; assigned_to_category?: string | null | undefined; assigned_to_role?: string | null | undefined; assigned_to_staff_id?: string | null | undefined; assignment_type: string; ... 19 more ...; validation_notes?: string | ... 1 more ... | undefined; }'.
      Type 'SyncPayload' is missing the following properties from type '{ assigned_to: string; assigned_to_category?: string | null | undefined; assigned_to_role?: string | null | undefined; assigned_to_staff_id?: string | null | undefined; assignment_type: string; ... 19 more ...; validation_notes?: string | ... 1 more ... | undefined; }': assigned_to, assignment_type, company_id, frequency, name
  Overload 2 of 2, '(values: { assigned_to: string; assigned_to_category?: string | null | undefined; assigned_to_role?: string | null | undefined; assigned_to_staff_id?: string | null | undefined; assignment_type: string; ... 19 more ...; validation_notes?: string | ... 1 more ... | undefined; }[], options?: { ...; } | undefined): PostgrestFilterBuilder<...>', gave the following error.
    Argument of type 'SyncPayload' is not assignable to parameter of type '{ assigned_to: string; assigned_to_category?: string | null | undefined; assigned_to_role?: string | null | undefined; assigned_to_staff_id?: string | null | undefined; assignment_type: string; ... 19 more ...; validation_notes?: string | ... 1 more ... | undefined; }[]'.
      Type 'SyncPayload' is missing the following properties from type '{ assigned_to: string; assigned_to_category?: string | null | undefined; assigned_to_role?: string | null | undefined; assigned_to_staff_id?: string | null | undefined; assignment_type: string; ... 19 more ...; validation_notes?: string | ... 1 more ... | undefined; }[]': length, pop, push, concat, and 28 more.
src/services/offline/BackgroundSync.ts(78,64): error TS2769: No overload matches this call.
  Overload 1 of 2, '(values: { allergens?: string[] | null | undefined; barcode?: string | null | undefined; category_id?: string | null | undefined; company_id: string; compliance_status?: string | null | undefined; ... 14 more ...; updated_at?: string | undefined; }, options?: { ...; } | undefined): PostgrestFilterBuilder<...>', gave the following error.
    Argument of type 'SyncPayload' is not assignable to parameter of type '{ allergens?: string[] | null | undefined; barcode?: string | null | undefined; category_id?: string | null | undefined; company_id: string; compliance_status?: string | null | undefined; ... 14 more ...; updated_at?: string | undefined; }'.
      Type 'SyncPayload' is missing the following properties from type '{ allergens?: string[] | null | undefined; barcode?: string | null | undefined; category_id?: string | null | undefined; company_id: string; compliance_status?: string | null | undefined; ... 14 more ...; updated_at?: string | undefined; }': company_id, name
  Overload 2 of 2, '(values: { allergens?: string[] | null | undefined; barcode?: string | null | undefined; category_id?: string | null | undefined; company_id: string; compliance_status?: string | null | undefined; ... 14 more ...; updated_at?: string | undefined; }[], options?: { ...; } | undefined): PostgrestFilterBuilder<...>', gave the following error.
    Argument of type 'SyncPayload' is not assignable to parameter of type '{ allergens?: string[] | null | undefined; barcode?: string | null | undefined; category_id?: string | null | undefined; company_id: string; compliance_status?: string | null | undefined; ... 14 more ...; updated_at?: string | undefined; }[]'.
      Type 'SyncPayload' is missing the following properties from type '{ allergens?: string[] | null | undefined; barcode?: string | null | undefined; category_id?: string | null | undefined; company_id: string; compliance_status?: string | null | undefined; ... 14 more ...; updated_at?: string | undefined; }[]': length, pop, push, concat, and 28 more.
src/services/offline/BackgroundSync.ts(98,72): error TS2769: No overload matches this call.
  Overload 1 of 2, '(values: { company_id: string; completed_at?: string | undefined; completed_by?: string | null | undefined; completed_by_name?: string | null | undefined; created_at?: string | undefined; ... 5 more ...; updated_at?: string | undefined; }, options?: { ...; } | undefined): PostgrestFilterBuilder<...>', gave the following error.
    Argument of type 'SyncPayload' is not assignable to parameter of type '{ company_id: string; completed_at?: string | undefined; completed_by?: string | null | undefined; completed_by_name?: string | null | undefined; created_at?: string | undefined; id?: string | undefined; ... 4 more ...; updated_at?: string | undefined; }'.
      Type 'SyncPayload' is missing the following properties from type '{ company_id: string; completed_at?: string | undefined; completed_by?: string | null | undefined; completed_by_name?: string | null | undefined; created_at?: string | undefined; id?: string | undefined; ... 4 more ...; updated_at?: string | undefined; }': company_id, period_end, period_start, task_id
  Overload 2 of 2, '(values: { company_id: string; completed_at?: string | undefined; completed_by?: string | null | undefined; completed_by_name?: string | null | undefined; created_at?: string | undefined; ... 5 more ...; updated_at?: string | undefined; }[], options?: { ...; } | undefined): PostgrestFilterBuilder<...>', gave the following error.
    Argument of type 'SyncPayload' is not assignable to parameter of type '{ company_id: string; completed_at?: string | undefined; completed_by?: string | null | undefined; completed_by_name?: string | null | undefined; created_at?: string | undefined; id?: string | undefined; ... 4 more ...; updated_at?: string | undefined; }[]'.
      Type 'SyncPayload' is missing the following properties from type '{ company_id: string; completed_at?: string | undefined; completed_by?: string | null | undefined; completed_by_name?: string | null | undefined; created_at?: string | undefined; id?: string | undefined; ... 4 more ...; updated_at?: string | undefined; }[]': length, pop, push, concat, and 28 more.
src/services/offline/BackgroundSync.ts(117,45): error TS2769: No overload matches this call.
  Overload 1 of 2, '(relation: "audit_logs" | "notes" | "companies" | "staff" | "departments" | "booking_requests" | "email_schedules" | "products" | "maintenance_tasks" | "conservation_points" | "product_categories" | ... 24 more ... | "user_profiles"): PostgrestQueryBuilder<...>', gave the following error.
    Argument of type 'string' is not assignable to parameter of type '"audit_logs" | "notes" | "companies" | "staff" | "departments" | "booking_requests" | "email_schedules" | "products" | "maintenance_tasks" | "conservation_points" | "product_categories" | ... 24 more ... | "user_profiles"'.
  Overload 2 of 2, '(relation: never): PostgrestQueryBuilder<{ PostgrestVersion: "13.0.5"; }, { Tables: { admin_users: { Row: { created_at: string | null; email: string; id: string; name: string | null; password_hash: string; role: string | null; updated_at: string | null; }; Insert: { ...; }; Update: { ...; }; Relationships: []; }; ... 34 more ...; user_sessions: { ...; }; }; Views: {}; Functions: { ...; }; Enums: {}; CompositeTypes: {}; }, never, never, never>', gave the following error.
    Argument of type 'string' is not assignable to parameter of type 'never'.
src/services/offline/BackgroundSync.ts(117,59): error TS2769: No overload matches this call.
  Overload 1 of 2, '(values: { created_at?: string | null | undefined; email: string; id?: string | undefined; name?: string | null | undefined; password_hash: string; role?: string | null | undefined; updated_at?: string | ... 1 more ... | undefined; } | ... 34 more ... | { ...; }, options?: { ...; } | undefined): PostgrestFilterBuilder<...>', gave the following error.
    Argument of type 'SyncPayload' is not assignable to parameter of type '{ created_at?: string | null | undefined; email: string; id?: string | undefined; name?: string | null | undefined; password_hash: string; role?: string | null | undefined; updated_at?: string | ... 1 more ... | undefined; } | ... 34 more ... | { ...; }'.
      Type 'SyncPayload' is missing the following properties from type '{ assigned_to: string; assigned_to_category?: string | null | undefined; assigned_to_role?: string | null | undefined; assigned_to_staff_id?: string | null | undefined; assignment_type: string; ... 20 more ...; updated_at?: string | undefined; }': assigned_to, assignment_type, company_id, conservation_point_id, and 2 more.
  Overload 2 of 2, '(values: ({ created_at?: string | null | undefined; email: string; id?: string | undefined; name?: string | null | undefined; password_hash: string; role?: string | null | undefined; updated_at?: string | ... 1 more ... | undefined; } | ... 34 more ... | { ...; })[], options?: { ...; } | undefined): PostgrestFilterBuilder<...>', gave the following error.
    Argument of type 'SyncPayload' is not assignable to parameter of type '({ created_at?: string | null | undefined; email: string; id?: string | undefined; name?: string | null | undefined; password_hash: string; role?: string | null | undefined; updated_at?: string | ... 1 more ... | undefined; } | ... 34 more ... | { ...; })[]'.
      Type 'SyncPayload' is missing the following properties from type '({ created_at?: string | null | undefined; email: string; id?: string | undefined; name?: string | null | undefined; password_hash: string; role?: string | null | undefined; updated_at?: string | ... 1 more ... | undefined; } | ... 34 more ... | { ...; })[]': length, pop, push, concat, and 28 more.
src/services/offline/BackgroundSync.ts(122,15): error TS2769: No overload matches this call.
  Overload 1 of 2, '(relation: "audit_logs" | "notes" | "companies" | "staff" | "departments" | "booking_requests" | "email_schedules" | "products" | "maintenance_tasks" | "conservation_points" | "product_categories" | ... 24 more ... | "user_profiles"): PostgrestQueryBuilder<...>', gave the following error.
    Argument of type 'string' is not assignable to parameter of type '"audit_logs" | "notes" | "companies" | "staff" | "departments" | "booking_requests" | "email_schedules" | "products" | "maintenance_tasks" | "conservation_points" | "product_categories" | ... 24 more ... | "user_profiles"'.
  Overload 2 of 2, '(relation: never): PostgrestQueryBuilder<{ PostgrestVersion: "13.0.5"; }, { Tables: { admin_users: { Row: { created_at: string | null; email: string; id: string; name: string | null; password_hash: string; role: string | null; updated_at: string | null; }; Insert: { ...; }; Update: { ...; }; Relationships: []; }; ... 34 more ...; user_sessions: { ...; }; }; Views: {}; Functions: { ...; }; Enums: {}; CompositeTypes: {}; }, never, never, never>', gave the following error.
    Argument of type 'string' is not assignable to parameter of type 'never'.
src/services/offline/BackgroundSync.ts(129,15): error TS2769: No overload matches this call.
  Overload 1 of 2, '(relation: "audit_logs" | "notes" | "companies" | "staff" | "departments" | "booking_requests" | "email_schedules" | "products" | "maintenance_tasks" | "conservation_points" | "product_categories" | ... 24 more ... | "user_profiles"): PostgrestQueryBuilder<...>', gave the following error.
    Argument of type 'string' is not assignable to parameter of type '"audit_logs" | "notes" | "companies" | "staff" | "departments" | "booking_requests" | "email_schedules" | "products" | "maintenance_tasks" | "conservation_points" | "product_categories" | ... 24 more ... | "user_profiles"'.
  Overload 2 of 2, '(relation: never): PostgrestQueryBuilder<{ PostgrestVersion: "13.0.5"; }, { Tables: { admin_users: { Row: { created_at: string | null; email: string; id: string; name: string | null; password_hash: string; role: string | null; updated_at: string | null; }; Insert: { ...; }; Update: { ...; }; Relationships: []; }; ... 34 more ...; user_sessions: { ...; }; }; Views: {}; Functions: { ...; }; Enums: {}; CompositeTypes: {}; }, never, never, never>', gave the following error.
    Argument of type 'string' is not assignable to parameter of type 'never'.
src/services/realtime/RealtimeConnectionManager.ts(111,9): error TS2769: No overload matches this call.
  The last overload gave the following error.
    Argument of type '"postgres_changes"' is not assignable to parameter of type '"system"'.
src/services/realtime/RealtimeConnectionManager.ts(238,23): error TS2339: Property 'onOpen' does not exist on type 'RealtimeClient'.
src/services/realtime/RealtimeConnectionManager.ts(247,23): error TS2339: Property 'onClose' does not exist on type 'RealtimeClient'.
src/services/realtime/RealtimeConnectionManager.ts(252,23): error TS2339: Property 'onError' does not exist on type 'RealtimeClient'.
src/services/shoppingListService.ts(32,9): error TS2345: Argument of type '"create_shopping_list_with_items"' is not assignable to parameter of type '"cleanup_expired_csrf_tokens"'.
src/services/shoppingListService.ts(50,19): error TS2345: Argument of type 'undefined' is not assignable to parameter of type 'string'.
src/services/shoppingListService.ts(57,31): error TS2322: Type '{ company_id: string; completed_at: string | null; created_at: string; created_by: string | null; description: string | null; id: string; is_completed: boolean; is_template: boolean; name: string; notes: string | null; status: string | null; updated_at: string; }' is not assignable to type 'ShoppingList'.
  Types of property 'description' are incompatible.
    Type 'string | null' is not assignable to type 'string | undefined'.
      Type 'null' is not assignable to type 'string | undefined'.
src/services/shoppingListService.ts(74,9): error TS2345: Argument of type '"get_shopping_lists_with_stats"' is not assignable to parameter of type '"cleanup_expired_csrf_tokens"'.
src/services/shoppingListService.ts(134,11): error TS2322: Type '{ added_at: string; category_name: string; checked_at: string | null; completed_at: string | null; created_at: string; id: string; is_checked: boolean; is_completed: boolean; notes: string | null; ... 5 more ...; updated_at: string; }[]' is not assignable to type 'ShoppingListItem[]'.
  Type '{ added_at: string; category_name: string; checked_at: string | null; completed_at: string | null; created_at: string; id: string; is_checked: boolean; is_completed: boolean; notes: string | null; ... 5 more ...; updated_at: string; }' is not assignable to type 'ShoppingListItem'.
    Types of property 'product_id' are incompatible.
      Type 'string | null' is not assignable to type 'string | undefined'.
        Type 'null' is not assignable to type 'string | undefined'.
src/services/shoppingListService.ts(172,31): error TS2322: Type '{ company_id: string; completed_at: string | null; created_at: string; created_by: string | null; description: string | null; id: string; is_completed: boolean; is_template: boolean; name: string; notes: string | null; status: string | null; updated_at: string; }' is not assignable to type 'ShoppingList'.
  Types of property 'description' are incompatible.
    Type 'string | null' is not assignable to type 'string | undefined'.
      Type 'null' is not assignable to type 'string | undefined'.
src/services/shoppingListService.ts(236,31): error TS2322: Type '{ added_at: string; category_name: string; checked_at: string | null; completed_at: string | null; created_at: string; id: string; is_checked: boolean; is_completed: boolean; notes: string | null; ... 5 more ...; updated_at: string; }' is not assignable to type 'ShoppingListItem'.
  Types of property 'product_id' are incompatible.
    Type 'string | null' is not assignable to type 'string | undefined'.
      Type 'null' is not assignable to type 'string | undefined'.
src/services/shoppingListService.ts(251,44): error TS2345: Argument of type '"toggle_shopping_list_item"' is not assignable to parameter of type '"cleanup_expired_csrf_tokens"'.
src/services/shoppingListService.ts(273,44): error TS2345: Argument of type '"complete_shopping_list"' is not assignable to parameter of type '"cleanup_expired_csrf_tokens"'.
src/utils/cleanupTestData.ts(203,34): error TS2345: Argument of type 'string | null' is not assignable to parameter of type 'string'.
  Type 'null' is not assignable to type 'string'.
src/utils/cleanupTestData.ts(206,40): error TS2345: Argument of type 'string | null' is not assignable to parameter of type 'string'.
  Type 'null' is not assignable to type 'string'.
src/utils/cleanupTestData.ts(209,47): error TS2345: Argument of type 'string | null' is not assignable to parameter of type 'string'.
  Type 'null' is not assignable to type 'string'.
src/utils/cleanupTestData.ts(212,37): error TS2345: Argument of type 'string | null' is not assignable to parameter of type 'string'.
  Type 'null' is not assignable to type 'string'.
src/utils/cleanupTestData.ts(215,34): error TS2345: Argument of type 'string | null' is not assignable to parameter of type 'string'.
  Type 'null' is not assignable to type 'string'.
src/utils/onboardingHelpers.ts(1816,15): error TS2769: No overload matches this call.
  Overload 1 of 2, '(values: { company_id: string; created_at?: string | undefined; department_id?: string | null | undefined; id?: string | undefined; is_blast_chiller?: boolean | undefined; maintenance_due?: string | ... 1 more ... | undefined; ... 5 more ...; updated_at?: string | undefined; }, options?: { ...; } | undefined): PostgrestFilterBuilder<...>', gave the following error.
    Argument of type '{ company_id: string | null; department_id: any; name: any; setpoint_temp: any; type: any; product_categories: any; is_blast_chiller: any; status: string; maintenance_due: any; created_at: string; updated_at: string; }[]' is not assignable to parameter of type '{ company_id: string; created_at?: string | undefined; department_id?: string | null | undefined; id?: string | undefined; is_blast_chiller?: boolean | undefined; maintenance_due?: string | ... 1 more ... | undefined; ... 5 more ...; updated_at?: string | undefined; }'.
      Type '{ company_id: string | null; department_id: any; name: any; setpoint_temp: any; type: any; product_categories: any; is_blast_chiller: any; status: string; maintenance_due: any; created_at: string; updated_at: string; }[]' is missing the following properties from type '{ company_id: string; created_at?: string | undefined; department_id?: string | null | undefined; id?: string | undefined; is_blast_chiller?: boolean | undefined; maintenance_due?: string | ... 1 more ... | undefined; ... 5 more ...; updated_at?: string | undefined; }': company_id, name, setpoint_temp, type
  Overload 2 of 2, '(values: { company_id: string; created_at?: string | undefined; department_id?: string | null | undefined; id?: string | undefined; is_blast_chiller?: boolean | undefined; maintenance_due?: string | ... 1 more ... | undefined; ... 5 more ...; updated_at?: string | undefined; }[], options?: { ...; } | undefined): PostgrestFilterBuilder<...>', gave the following error.
    Argument of type '{ company_id: string | null; department_id: any; name: any; setpoint_temp: any; type: any; product_categories: any; is_blast_chiller: any; status: string; maintenance_due: any; created_at: string; updated_at: string; }[]' is not assignable to parameter of type '{ company_id: string; created_at?: string | undefined; department_id?: string | null | undefined; id?: string | undefined; is_blast_chiller?: boolean | undefined; maintenance_due?: string | ... 1 more ... | undefined; ... 5 more ...; updated_at?: string | undefined; }[]'.
      Type '{ company_id: string | null; department_id: any; name: any; setpoint_temp: any; type: any; product_categories: any; is_blast_chiller: any; status: string; maintenance_due: any; created_at: string; updated_at: string; }' is not assignable to type '{ company_id: string; created_at?: string | undefined; department_id?: string | null | undefined; id?: string | undefined; is_blast_chiller?: boolean | undefined; maintenance_due?: string | ... 1 more ... | undefined; ... 5 more ...; updated_at?: string | undefined; }'.
        Types of property 'company_id' are incompatible.
          Type 'string | null' is not assignable to type 'string'.
            Type 'null' is not assignable to type 'string'.
src/utils/onboardingHelpers.ts(1902,25): error TS2339: Property 'working_year_start' does not exist on type '{ open_weekdays: number[]; closure_dates: Json; fiscal_year_start: string | null; fiscal_year_end: string | null; is_configured: boolean; }'.
src/utils/onboardingHelpers.ts(1906,25): error TS2339: Property 'working_year_end' does not exist on type '{ open_weekdays: number[]; closure_dates: Json; fiscal_year_start: string | null; fiscal_year_end: string | null; is_configured: boolean; }'.
src/utils/onboardingHelpers.ts(2105,15): error TS2769: No overload matches this call.
  Overload 1 of 2, '(values: { company_id: string; created_at?: string | undefined; id?: string | undefined; name: string; updated_at?: string | undefined; }, options?: { count?: "exact" | "planned" | "estimated" | undefined; } | undefined): PostgrestFilterBuilder<...>', gave the following error.
    Argument of type '{ company_id: string | null; name: string; created_at: string; updated_at: string; }[]' is not assignable to parameter of type '{ company_id: string; created_at?: string | undefined; id?: string | undefined; name: string; updated_at?: string | undefined; }'.
      Type '{ company_id: string | null; name: string; created_at: string; updated_at: string; }[]' is missing the following properties from type '{ company_id: string; created_at?: string | undefined; id?: string | undefined; name: string; updated_at?: string | undefined; }': company_id, name
  Overload 2 of 2, '(values: { company_id: string; created_at?: string | undefined; id?: string | undefined; name: string; updated_at?: string | undefined; }[], options?: { count?: "exact" | "planned" | "estimated" | undefined; defaultToNull?: boolean | undefined; } | undefined): PostgrestFilterBuilder<...>', gave the following error.
    Argument of type '{ company_id: string | null; name: string; created_at: string; updated_at: string; }[]' is not assignable to parameter of type '{ company_id: string; created_at?: string | undefined; id?: string | undefined; name: string; updated_at?: string | undefined; }[]'.
      Type '{ company_id: string | null; name: string; created_at: string; updated_at: string; }' is not assignable to type '{ company_id: string; created_at?: string | undefined; id?: string | undefined; name: string; updated_at?: string | undefined; }'.
        Types of property 'company_id' are incompatible.
          Type 'string | null' is not assignable to type 'string'.
            Type 'null' is not assignable to type 'string'.
src/utils/onboardingHelpers.ts(2155,62): error TS2769: No overload matches this call.
  Overload 1 of 2, '(values: { allergens?: string[] | null | undefined; barcode?: string | null | undefined; category_id?: string | null | undefined; company_id: string; compliance_status?: string | null | undefined; ... 14 more ...; updated_at?: string | undefined; }, options?: { ...; } | undefined): PostgrestFilterBuilder<...>', gave the following error.
    Argument of type '{ company_id: string | null; name: string; category_id: string | null; department_id: string | null; conservation_point_id: string | null; barcode: string | null; sku: string | null; ... 11 more ...; updated_at: string; }[]' is not assignable to parameter of type '{ allergens?: string[] | null | undefined; barcode?: string | null | undefined; category_id?: string | null | undefined; company_id: string; compliance_status?: string | null | undefined; ... 14 more ...; updated_at?: string | undefined; }'.
      Type '{ company_id: string | null; name: string; category_id: string | null; department_id: string | null; conservation_point_id: string | null; barcode: string | null; sku: string | null; ... 11 more ...; updated_at: string; }[]' is missing the following properties from type '{ allergens?: string[] | null | undefined; barcode?: string | null | undefined; category_id?: string | null | undefined; company_id: string; compliance_status?: string | null | undefined; ... 14 more ...; updated_at?: string | undefined; }': company_id, name
  Overload 2 of 2, '(values: { allergens?: string[] | null | undefined; barcode?: string | null | undefined; category_id?: string | null | undefined; company_id: string; compliance_status?: string | null | undefined; ... 14 more ...; updated_at?: string | undefined; }[], options?: { ...; } | undefined): PostgrestFilterBuilder<...>', gave the following error.
    Argument of type '{ company_id: string | null; name: string; category_id: string | null; department_id: string | null; conservation_point_id: string | null; barcode: string | null; sku: string | null; ... 11 more ...; updated_at: string; }[]' is not assignable to parameter of type '{ allergens?: string[] | null | undefined; barcode?: string | null | undefined; category_id?: string | null | undefined; company_id: string; compliance_status?: string | null | undefined; ... 14 more ...; updated_at?: string | undefined; }[]'.
      Type '{ company_id: string | null; name: string; category_id: string | null; department_id: string | null; conservation_point_id: string | null; barcode: string | null; sku: string | null; ... 11 more ...; updated_at: string; }' is not assignable to type '{ allergens?: string[] | null | undefined; barcode?: string | null | undefined; category_id?: string | null | undefined; company_id: string; compliance_status?: string | null | undefined; ... 14 more ...; updated_at?: string | undefined; }'.
        Types of property 'company_id' are incompatible.
          Type 'string | null' is not assignable to type 'string'.
            Type 'null' is not assignable to type 'string'.
src/utils/onboardingHelpers.ts(2657,27): error TS2769: No overload matches this call.
  Overload 1 of 2, '(relation: "audit_logs" | "notes" | "companies" | "staff" | "departments" | "booking_requests" | "email_schedules" | "products" | "maintenance_tasks" | "conservation_points" | "product_categories" | ... 24 more ... | "user_profiles"): PostgrestQueryBuilder<...>', gave the following error.
    Argument of type '"shopping_events"' is not assignable to parameter of type '"audit_logs" | "notes" | "companies" | "staff" | "departments" | "booking_requests" | "email_schedules" | "products" | "maintenance_tasks" | "conservation_points" | "product_categories" | ... 24 more ... | "user_profiles"'.
  Overload 2 of 2, '(relation: never): PostgrestQueryBuilder<{ PostgrestVersion: "13.0.5"; }, { Tables: { admin_users: { Row: { created_at: string | null; email: string; id: string; name: string | null; password_hash: string; role: string | null; updated_at: string | null; }; Insert: { ...; }; Update: { ...; }; Relationships: []; }; ... 34 more ...; user_sessions: { ...; }; }; Views: {}; Functions: { ...; }; Enums: {}; CompositeTypes: {}; }, never, never, never>', gave the following error.
    Argument of type 'string' is not assignable to parameter of type 'never'.
